TagLib: Could not open file /home/safdarawan/Disk/Media/Music/Media/Bird Sounds Spectacular  Morning Bird Song.mp3
TagLib: Could not open file /home/safdarawan/Disk/Media/Music/Media/Bird Sounds Spectacular  Morning Bird Song.mp3
TagLib: Could not open file /home/safdarawan/Disk/Media/Music/Media/Bird Sounds Spectacular  Morning Bird Song.mp3
TagLib: Could not open file /home/safdarawan/Disk/Media/Music/Media/y2mate.com - TITANIC 1997 Rose  Jack Dawson  My heart will go one.mp3
TagLib: Could not open file /home/safdarawan/Disk/Media/Music/Media/y2mate.com - TITANIC 1997 Rose  Jack Dawson  My heart will go one.mp3
TagLib: Could not open file /home/safdarawan/Disk/Media/Music/Media/y2mate.com - TITANIC 1997 Rose  Jack Dawson  My heart will go one.mp3
TagLib: Could not open file /home/safdarawan/Disk/Media/Music/Media/Music/Taylor Swift Complete Collection (2022) Mp3 320kbps [PMEDIA] ⭐️/14. Babe (Taylor's Version) (From The Vault).mp3
TagLib: Could not open file /home/safdarawan/Disk/Media/Music/Snap new Download/SnapTube Video/Chalte Chalte Yun Hi Koi _ Pakeezah (1972) _ Meena Kumari_ Kamal Kapoor _ Filmi Gaane(720P_HD).mp4
TagLib: Could not open file /home/safdarawan/Disk/Media/Music/Snap new Download/SnapTube Video/Chalte Chalte Yun Hi Koi _ Pakeezah (1972) _ Meena Kumari_ Kamal Kapoor _ Filmi Gaane(720P_HD).mp4
TagLib: Could not open file /home/safdarawan/Disk/Media/Music/Snap new Download/SnapTube Video/Chalte Chalte Yun Hi Koi _ Pakeezah (1972) _ Meena Kumari_ Kamal Kapoor _ Filmi Gaane(720P_HD).mp4
TagLib: Could not open file /home/safdarawan/Disk/Media/Music/Snap new Download/SnapTube Video/Chalte Chalte Yun Hi Koi _ Pakeezah (1972) _ Meena Kumari_ Kamal Kapoor _ Filmi Gaane(720P_HD).mp4
TagLib: Could not open file /home/safdarawan/Disk/Media/Music/Snap new Download/SnapTube Video/Chalte Chalte Yun Hi Koi _ Pakeezah (1972) _ Meena Kumari_ Kamal Kapoor _ Filmi Gaane(720P_HD).mp4
TagLib: Could not open file /home/safdarawan/Disk/Media/Music/Snap new Download/SnapTube Video/Chalte Chalte Yun Hi Koi _ Pakeezah (1972) _ Meena Kumari_ Kamal Kapoor _ Filmi Gaane(720P_HD).mp4
TagLib: Could not open file /home/safdarawan/Disk/Media/Music/Snap new Download/SnapTube Video/Chalte Chalte Yun Hi Koi _ Pakeezah (1972) _ Meena Kumari_ Kamal Kapoor _ Filmi Gaane(720P_HD).mp4
TagLib: Could not open file /home/safdarawan/Disk/Media/Music/Snap new Download/SnapTube Video/Chalte Chalte Yun Hi Koi _ Pakeezah (1972) _ Meena Kumari_ Kamal Kapoor _ Filmi Gaane(720P_HD).mp4
TagLib: Could not open file /home/safdarawan/Disk/Media/Music/Snap new Download/SnapTube Video/Chalte Chalte Yun Hi Koi _ Pakeezah (1972) _ Meena Kumari_ Kamal Kapoor _ Filmi Gaane(720P_HD).mp4
TagLib: Could not open file /home/safdarawan/Disk/Media/Music/Snap new Download/SnapTube Video/Chalte Chalte Yun Hi Koi _ Pakeezah (1972) _ Meena Kumari_ Kamal Kapoor _ Filmi Gaane(720P_HD).mp4
TagLib: Could not open file /home/safdarawan/Disk/Media/Music/Snap new Download/SnapTube Video/Chalte Chalte Yun Hi Koi _ Pakeezah (1972) _ Meena Kumari_ Kamal Kapoor _ Filmi Gaane(720P_HD).mp4
TagLib: Could not open file /home/safdarawan/Disk/Media/Music/Media/Music/Taylor Swift Complete Collection (2022) Mp3 320kbps [PMEDIA] ⭐️/142. Lover (First Dance Remix).mp3
TagLib: Could not open file /home/safdarawan/Disk/Media/Music/Media/Music/Taylor Swift Complete Collection (2022) Mp3 320kbps [PMEDIA] ⭐️/159. Shake It Off.mp3
TagLib: Could not open file /home/safdarawan/Disk/Media/Music/Media/Music/Taylor Swift Complete Collection (2022) Mp3 320kbps [PMEDIA] ⭐️/159. Shake It Off.mp3
TagLib: Could not open file /home/safdarawan/Disk/Media/Music/Snap new Download/SnapTube Video/Chalte Chalte Yun Hi Koi _ Pakeezah (1972) _ Meena Kumari_ Kamal Kapoor _ Filmi Gaane(720P_HD).mp4
TagLib: Could not open file /home/safdarawan/Disk/Media/Music/Snap new Download/SnapTube Video/Chalte Chalte Yun Hi Koi _ Pakeezah (1972) _ Meena Kumari_ Kamal Kapoor _ Filmi Gaane(720P_HD).mp4
TagLib: Could not open file /home/safdarawan/Disk/Media/Music/Snap new Download/SnapTube Video/Chalte Chalte Yun Hi Koi _ Pakeezah (1972) _ Meena Kumari_ Kamal Kapoor _ Filmi Gaane(720P_HD).mp4
